This is pdfTeX, Version 3.14159265-2.6-1.40.18 (TeX Live 2017/W32TeX) (preloaded format=pdflatex 2018.1.20)  20 JAN 2018 14:09
entering extended mode
 restricted \write18 enabled.
 %&-line parsing enabled.
**./tex2pdf.4104/input.tex
(./tex2pdf.4104/input.tex
LaTeX2e <2017-04-15>
Babel <3.16> and hyphenation patterns for 84 language(s) loaded.
(c:/texlive/2017/texmf-dist/tex/latex/base/article.cls
Document Class: article 2014/09/29 v1.4h Standard LaTeX document class
(c:/texlive/2017/texmf-dist/tex/latex/base/size10.clo
File: size10.clo 2014/09/29 v1.4h Standard LaTeX file (size option)
)
\c@part=\count79
\c@section=\count80
\c@subsection=\count81
\c@subsubsection=\count82
\c@paragraph=\count83
\c@subparagraph=\count84
\c@figure=\count85
\c@table=\count86
\abovecaptionskip=\skip41
\belowcaptionskip=\skip42
\bibindent=\dimen102
)
(c:/texlive/2017/texmf-dist/tex/latex/lm/lmodern.sty
Package: lmodern 2009/10/30 v1.6 Latin Modern Fonts
LaTeX Font Info:    Overwriting symbol font `operators' in version `normal'
(Font)                  OT1/cmr/m/n --> OT1/lmr/m/n on input line 22.
LaTeX Font Info:    Overwriting symbol font `letters' in version `normal'
(Font)                  OML/cmm/m/it --> OML/lmm/m/it on input line 23.
LaTeX Font Info:    Overwriting symbol font `symbols' in version `normal'
(Font)                  OMS/cmsy/m/n --> OMS/lmsy/m/n on input line 24.
LaTeX Font Info:    Overwriting symbol font `largesymbols' in version `normal'
(Font)                  OMX/cmex/m/n --> OMX/lmex/m/n on input line 25.
LaTeX Font Info:    Overwriting symbol font `operators' in version `bold'
(Font)                  OT1/cmr/bx/n --> OT1/lmr/bx/n on input line 26.
LaTeX Font Info:    Overwriting symbol font `letters' in version `bold'
(Font)                  OML/cmm/b/it --> OML/lmm/b/it on input line 27.
LaTeX Font Info:    Overwriting symbol font `symbols' in version `bold'
(Font)                  OMS/cmsy/b/n --> OMS/lmsy/b/n on input line 28.
LaTeX Font Info:    Overwriting symbol font `largesymbols' in version `bold'
(Font)                  OMX/cmex/m/n --> OMX/lmex/m/n on input line 29.
LaTeX Font Info:    Overwriting math alphabet `\mathbf' in version `normal'
(Font)                  OT1/cmr/bx/n --> OT1/lmr/bx/n on input line 31.
LaTeX Font Info:    Overwriting math alphabet `\mathsf' in version `normal'
(Font)                  OT1/cmss/m/n --> OT1/lmss/m/n on input line 32.
LaTeX Font Info:    Overwriting math alphabet `\mathit' in version `normal'
(Font)                  OT1/cmr/m/it --> OT1/lmr/m/it on input line 33.
LaTeX Font Info:    Overwriting math alphabet `\mathtt' in version `normal'
(Font)                  OT1/cmtt/m/n --> OT1/lmtt/m/n on input line 34.
LaTeX Font Info:    Overwriting math alphabet `\mathbf' in version `bold'
(Font)                  OT1/cmr/bx/n --> OT1/lmr/bx/n on input line 35.
LaTeX Font Info:    Overwriting math alphabet `\mathsf' in version `bold'
(Font)                  OT1/cmss/bx/n --> OT1/lmss/bx/n on input line 36.
LaTeX Font Info:    Overwriting math alphabet `\mathit' in version `bold'
(Font)                  OT1/cmr/bx/it --> OT1/lmr/bx/it on input line 37.
LaTeX Font Info:    Overwriting math alphabet `\mathtt' in version `bold'
(Font)                  OT1/cmtt/m/n --> OT1/lmtt/m/n on input line 38.
)
(c:/texlive/2017/texmf-dist/tex/latex/amsfonts/amssymb.sty
Package: amssymb 2013/01/14 v3.01 AMS font symbols

(c:/texlive/2017/texmf-dist/tex/latex/amsfonts/amsfonts.sty
Package: amsfonts 2013/01/14 v3.01 Basic AMSFonts support
\@emptytoks=\toks14
\symAMSa=\mathgroup4
\symAMSb=\mathgroup5
LaTeX Font Info:    Overwriting math alphabet `\mathfrak' in version `bold'
(Font)                  U/euf/m/n --> U/euf/b/n on input line 106.
))
(c:/texlive/2017/texmf-dist/tex/latex/amsmath/amsmath.sty
Package: amsmath 2017/09/02 v2.17a AMS math features
\@mathmargin=\skip43

For additional information on amsmath, use the `?' option.
(c:/texlive/2017/texmf-dist/tex/latex/amsmath/amstext.sty
Package: amstext 2000/06/29 v2.01 AMS text

(c:/texlive/2017/texmf-dist/tex/latex/amsmath/amsgen.sty
File: amsgen.sty 1999/11/30 v2.0 generic functions
\@emptytoks=\toks15
\ex@=\dimen103
))
(c:/texlive/2017/texmf-dist/tex/latex/amsmath/amsbsy.sty
Package: amsbsy 1999/11/29 v1.2d Bold Symbols
\pmbraise@=\dimen104
)
(c:/texlive/2017/texmf-dist/tex/latex/amsmath/amsopn.sty
Package: amsopn 2016/03/08 v2.02 operator names
)
\inf@bad=\count87
LaTeX Info: Redefining \frac on input line 213.
\uproot@=\count88
\leftroot@=\count89
LaTeX Info: Redefining \overline on input line 375.
\classnum@=\count90
\DOTSCASE@=\count91
LaTeX Info: Redefining \ldots on input line 472.
LaTeX Info: Redefining \dots on input line 475.
LaTeX Info: Redefining \cdots on input line 596.
\Mathstrutbox@=\box26
\strutbox@=\box27
\big@size=\dimen105
LaTeX Font Info:    Redeclaring font encoding OML on input line 712.
LaTeX Font Info:    Redeclaring font encoding OMS on input line 713.
\macc@depth=\count92
\c@MaxMatrixCols=\count93
\dotsspace@=\muskip10
\c@parentequation=\count94
\dspbrk@lvl=\count95
\tag@help=\toks16
\row@=\count96
\column@=\count97
\maxfields@=\count98
\andhelp@=\toks17
\eqnshift@=\dimen106
\alignsep@=\dimen107
\tagshift@=\dimen108
\tagwidth@=\dimen109
\totwidth@=\dimen110
\lineht@=\dimen111
\@envbody=\toks18
\multlinegap=\skip44
\multlinetaggap=\skip45
\mathdisplay@stack=\toks19
LaTeX Info: Redefining \[ on input line 2817.
LaTeX Info: Redefining \] on input line 2818.
)
(c:/texlive/2017/texmf-dist/tex/generic/ifxetex/ifxetex.sty
Package: ifxetex 2010/09/12 v0.6 Provides ifxetex conditional
)
(c:/texlive/2017/texmf-dist/tex/generic/oberdiek/ifluatex.sty
Package: ifluatex 2016/05/16 v1.4 Provides the ifluatex switch (HO)
Package ifluatex Info: LuaTeX not detected.
)
(c:/texlive/2017/texmf-dist/tex/latex/base/fixltx2e.sty
Package: fixltx2e 2016/12/29 v2.1a fixes to LaTeX (obsolete)
Applying: [2015/01/01] Old fixltx2e package on input line 46.


Package fixltx2e Warning: fixltx2e is not required with releases after 2015
(fixltx2e)                All fixes are now in the LaTeX kernel.
(fixltx2e)                See the latexrelease package for details.

Already applied: [0000/00/00] Old fixltx2e package on input line 53.
) (c:/texlive/2017/texmf-dist/tex/latex/base/fontenc.sty
Package: fontenc 2017/04/05 v2.0i Standard LaTeX package

(c:/texlive/2017/texmf-dist/tex/latex/base/t1enc.def
File: t1enc.def 2017/04/05 v2.0i Standard LaTeX file
LaTeX Font Info:    Redeclaring font encoding T1 on input line 48.
))
(c:/texlive/2017/texmf-dist/tex/latex/base/inputenc.sty
Package: inputenc 2015/03/17 v1.2c Input encoding file
\inpenc@prehook=\toks20
\inpenc@posthook=\toks21

(c:/texlive/2017/texmf-dist/tex/latex/base/utf8.def
File: utf8.def 2017/01/28 v1.1t UTF-8 support for inputenc
Now handling font encoding OML ...
... no UTF-8 mapping file for font encoding OML
Now handling font encoding T1 ...
... processing UTF-8 mapping file for font encoding T1

(c:/texlive/2017/texmf-dist/tex/latex/base/t1enc.dfu
File: t1enc.dfu 2017/01/28 v1.1t UTF-8 support for inputenc
   defining Unicode char U+00A0 (decimal 160)
   defining Unicode char U+00A1 (decimal 161)
   defining Unicode char U+00A3 (decimal 163)
   defining Unicode char U+00AB (decimal 171)
   defining Unicode char U+00AD (decimal 173)
   defining Unicode char U+00BB (decimal 187)
   defining Unicode char U+00BF (decimal 191)
   defining Unicode char U+00C0 (decimal 192)
   defining Unicode char U+00C1 (decimal 193)
   defining Unicode char U+00C2 (decimal 194)
   defining Unicode char U+00C3 (decimal 195)
   defining Unicode char U+00C4 (decimal 196)
   defining Unicode char U+00C5 (decimal 197)
   defining Unicode char U+00C6 (decimal 198)
   defining Unicode char U+00C7 (decimal 199)
   defining Unicode char U+00C8 (decimal 200)
   defining Unicode char U+00C9 (decimal 201)
   defining Unicode char U+00CA (decimal 202)
   defining Unicode char U+00CB (decimal 203)
   defining Unicode char U+00CC (decimal 204)
   defining Unicode char U+00CD (decimal 205)
   defining Unicode char U+00CE (decimal 206)
   defining Unicode char U+00CF (decimal 207)
   defining Unicode char U+00D0 (decimal 208)
   defining Unicode char U+00D1 (decimal 209)
   defining Unicode char U+00D2 (decimal 210)
   defining Unicode char U+00D3 (decimal 211)
   defining Unicode char U+00D4 (decimal 212)
   defining Unicode char U+00D5 (decimal 213)
   defining Unicode char U+00D6 (decimal 214)
   defining Unicode char U+00D8 (decimal 216)
   defining Unicode char U+00D9 (decimal 217)
   defining Unicode char U+00DA (decimal 218)
   defining Unicode char U+00DB (decimal 219)
   defining Unicode char U+00DC (decimal 220)
   defining Unicode char U+00DD (decimal 221)
   defining Unicode char U+00DE (decimal 222)
   defining Unicode char U+00DF (decimal 223)
   defining Unicode char U+00E0 (decimal 224)
   defining Unicode char U+00E1 (decimal 225)
   defining Unicode char U+00E2 (decimal 226)
   defining Unicode char U+00E3 (decimal 227)
   defining Unicode char U+00E4 (decimal 228)
   defining Unicode char U+00E5 (decimal 229)
   defining Unicode char U+00E6 (decimal 230)
   defining Unicode char U+00E7 (decimal 231)
   defining Unicode char U+00E8 (decimal 232)
   defining Unicode char U+00E9 (decimal 233)
   defining Unicode char U+00EA (decimal 234)
   defining Unicode char U+00EB (decimal 235)
   defining Unicode char U+00EC (decimal 236)
   defining Unicode char U+00ED (decimal 237)
   defining Unicode char U+00EE (decimal 238)
   defining Unicode char U+00EF (decimal 239)
   defining Unicode char U+00F0 (decimal 240)
   defining Unicode char U+00F1 (decimal 241)
   defining Unicode char U+00F2 (decimal 242)
   defining Unicode char U+00F3 (decimal 243)
   defining Unicode char U+00F4 (decimal 244)
   defining Unicode char U+00F5 (decimal 245)
   defining Unicode char U+00F6 (decimal 246)
   defining Unicode char U+00F8 (decimal 248)
   defining Unicode char U+00F9 (decimal 249)
   defining Unicode char U+00FA (decimal 250)
   defining Unicode char U+00FB (decimal 251)
   defining Unicode char U+00FC (decimal 252)
   defining Unicode char U+00FD (decimal 253)
   defining Unicode char U+00FE (decimal 254)
   defining Unicode char U+00FF (decimal 255)
   defining Unicode char U+0100 (decimal 256)
   defining Unicode char U+0101 (decimal 257)
   defining Unicode char U+0102 (decimal 258)
   defining Unicode char U+0103 (decimal 259)
   defining Unicode char U+0104 (decimal 260)
   defining Unicode char U+0105 (decimal 261)
   defining Unicode char U+0106 (decimal 262)
   defining Unicode char U+0107 (decimal 263)
   defining Unicode char U+0108 (decimal 264)
   defining Unicode char U+0109 (decimal 265)
   defining Unicode char U+010A (decimal 266)
   defining Unicode char U+010B (decimal 267)
   defining Unicode char U+010C (decimal 268)
   defining Unicode char U+010D (decimal 269)
   defining Unicode char U+010E (decimal 270)
   defining Unicode char U+010F (decimal 271)
   defining Unicode char U+0110 (decimal 272)
   defining Unicode char U+0111 (decimal 273)
   defining Unicode char U+0112 (decimal 274)
   defining Unicode char U+0113 (decimal 275)
   defining Unicode char U+0114 (decimal 276)
   defining Unicode char U+0115 (decimal 277)
   defining Unicode char U+0116 (decimal 278)
   defining Unicode char U+0117 (decimal 279)
   defining Unicode char U+0118 (decimal 280)
   defining Unicode char U+0119 (decimal 281)
   defining Unicode char U+011A (decimal 282)
   defining Unicode char U+011B (decimal 283)
   defining Unicode char U+011C (decimal 284)
   defining Unicode char U+011D (decimal 285)
   defining Unicode char U+011E (decimal 286)
   defining Unicode char U+011F (decimal 287)
   defining Unicode char U+0120 (decimal 288)
   defining Unicode char U+0121 (decimal 289)
   defining Unicode char U+0122 (decimal 290)
   defining Unicode char U+0123 (decimal 291)
   defining Unicode char U+0124 (decimal 292)
   defining Unicode char U+0125 (decimal 293)
   defining Unicode char U+0128 (decimal 296)
   defining Unicode char U+0129 (decimal 297)
   defining Unicode char U+012A (decimal 298)
   defining Unicode char U+012B (decimal 299)
   defining Unicode char U+012C (decimal 300)
   defining Unicode char U+012D (decimal 301)
   defining Unicode char U+012E (decimal 302)
   defining Unicode char U+012F (decimal 303)
   defining Unicode char U+0130 (decimal 304)
   defining Unicode char U+0131 (decimal 305)
   defining Unicode char U+0132 (decimal 306)
   defining Unicode char U+0133 (decimal 307)
   defining Unicode char U+0134 (decimal 308)
   defining Unicode char U+0135 (decimal 309)
   defining Unicode char U+0136 (decimal 310)
   defining Unicode char U+0137 (decimal 311)
   defining Unicode char U+0139 (decimal 313)
   defining Unicode char U+013A (decimal 314)
   defining Unicode char U+013B (decimal 315)
   defining Unicode char U+013C (decimal 316)
   defining Unicode char U+013D (decimal 317)
   defining Unicode char U+013E (decimal 318)
   defining Unicode char U+0141 (decimal 321)
   defining Unicode char U+0142 (decimal 322)
   defining Unicode char U+0143 (decimal 323)
   defining Unicode char U+0144 (decimal 324)
   defining Unicode char U+0145 (decimal 325)
   defining Unicode char U+0146 (decimal 326)
   defining Unicode char U+0147 (decimal 327)
   defining Unicode char U+0148 (decimal 328)
   defining Unicode char U+014A (decimal 330)
   defining Unicode char U+014B (decimal 331)
   defining Unicode char U+014C (decimal 332)
   defining Unicode char U+014D (decimal 333)
   defining Unicode char U+014E (decimal 334)
   defining Unicode char U+014F (decimal 335)
   defining Unicode char U+0150 (decimal 336)
   defining Unicode char U+0151 (decimal 337)
   defining Unicode char U+0152 (decimal 338)
   defining Unicode char U+0153 (decimal 339)
   defining Unicode char U+0154 (decimal 340)
   defining Unicode char U+0155 (decimal 341)
   defining Unicode char U+0156 (decimal 342)
   defining Unicode char U+0157 (decimal 343)
   defining Unicode char U+0158 (decimal 344)
   defining Unicode char U+0159 (decimal 345)
   defining Unicode char U+015A (decimal 346)
   defining Unicode char U+015B (decimal 347)
   defining Unicode char U+015C (decimal 348)
   defining Unicode char U+015D (decimal 349)
   defining Unicode char U+015E (decimal 350)
   defining Unicode char U+015F (decimal 351)
   defining Unicode char U+0160 (decimal 352)
   defining Unicode char U+0161 (decimal 353)
   defining Unicode char U+0162 (decimal 354)
   defining Unicode char U+0163 (decimal 355)
   defining Unicode char U+0164 (decimal 356)
   defining Unicode char U+0165 (decimal 357)
   defining Unicode char U+0168 (decimal 360)
   defining Unicode char U+0169 (decimal 361)
   defining Unicode char U+016A (decimal 362)
   defining Unicode char U+016B (decimal 363)
   defining Unicode char U+016C (decimal 364)
   defining Unicode char U+016D (decimal 365)
   defining Unicode char U+016E (decimal 366)
   defining Unicode char U+016F (decimal 367)
   defining Unicode char U+0170 (decimal 368)
   defining Unicode char U+0171 (decimal 369)
   defining Unicode char U+0172 (decimal 370)
   defining Unicode char U+0173 (decimal 371)
   defining Unicode char U+0174 (decimal 372)
   defining Unicode char U+0175 (decimal 373)
   defining Unicode char U+0176 (decimal 374)
   defining Unicode char U+0177 (decimal 375)
   defining Unicode char U+0178 (decimal 376)
   defining Unicode char U+0179 (decimal 377)
   defining Unicode char U+017A (decimal 378)
   defining Unicode char U+017B (decimal 379)
   defining Unicode char U+017C (decimal 380)
   defining Unicode char U+017D (decimal 381)
   defining Unicode char U+017E (decimal 382)
   defining Unicode char U+01CD (decimal 461)
   defining Unicode char U+01CE (decimal 462)
   defining Unicode char U+01CF (decimal 463)
   defining Unicode char U+01D0 (decimal 464)
   defining Unicode char U+01D1 (decimal 465)
   defining Unicode char U+01D2 (decimal 466)
   defining Unicode char U+01D3 (decimal 467)
   defining Unicode char U+01D4 (decimal 468)
   defining Unicode char U+01E2 (decimal 482)
   defining Unicode char U+01E3 (decimal 483)
   defining Unicode char U+01E6 (decimal 486)
   defining Unicode char U+01E7 (decimal 487)
   defining Unicode char U+01E8 (decimal 488)
   defining Unicode char U+01E9 (decimal 489)
   defining Unicode char U+01EA (decimal 490)
   defining Unicode char U+01EB (decimal 491)
   defining Unicode char U+01F0 (decimal 496)
   defining Unicode char U+01F4 (decimal 500)
   defining Unicode char U+01F5 (decimal 501)
   defining Unicode char U+0218 (decimal 536)
   defining Unicode char U+0219 (decimal 537)
   defining Unicode char U+021A (decimal 538)
   defining Unicode char U+021B (decimal 539)
   defining Unicode char U+0232 (decimal 562)
   defining Unicode char U+0233 (decimal 563)
   defining Unicode char U+1E02 (decimal 7682)
   defining Unicode char U+1E03 (decimal 7683)
   defining Unicode char U+200C (decimal 8204)
   defining Unicode char U+2010 (decimal 8208)
   defining Unicode char U+2011 (decimal 8209)
   defining Unicode char U+2012 (decimal 8210)
   defining Unicode char U+2013 (decimal 8211)
   defining Unicode char U+2014 (decimal 8212)
   defining Unicode char U+2015 (decimal 8213)
   defining Unicode char U+2018 (decimal 8216)
   defining Unicode char U+2019 (decimal 8217)
   defining Unicode char U+201A (decimal 8218)
   defining Unicode char U+201C (decimal 8220)
   defining Unicode char U+201D (decimal 8221)
   defining Unicode char U+201E (decimal 8222)
   defining Unicode char U+2030 (decimal 8240)
   defining Unicode char U+2031 (decimal 8241)
   defining Unicode char U+2039 (decimal 8249)
   defining Unicode char U+203A (decimal 8250)
   defining Unicode char U+2423 (decimal 9251)
   defining Unicode char U+1E20 (decimal 7712)
   defining Unicode char U+1E21 (decimal 7713)
)
Now handling font encoding OT1 ...
... processing UTF-8 mapping file for font encoding OT1

(c:/texlive/2017/texmf-dist/tex/latex/base/ot1enc.dfu
File: ot1enc.dfu 2017/01/28 v1.1t UTF-8 support for inputenc
   defining Unicode char U+00A0 (decimal 160)
   defining Unicode char U+00A1 (decimal 161)
   defining Unicode char U+00A3 (decimal 163)
   defining Unicode char U+00AD (decimal 173)
   defining Unicode char U+00B8 (decimal 184)
   defining Unicode char U+00BF (decimal 191)
   defining Unicode char U+00C5 (decimal 197)
   defining Unicode char U+00C6 (decimal 198)
   defining Unicode char U+00D8 (decimal 216)
   defining Unicode char U+00DF (decimal 223)
   defining Unicode char U+00E6 (decimal 230)
   defining Unicode char U+00EC (decimal 236)
   defining Unicode char U+00ED (decimal 237)
   defining Unicode char U+00EE (decimal 238)
   defining Unicode char U+00EF (decimal 239)
   defining Unicode char U+00F8 (decimal 248)
   defining Unicode char U+0131 (decimal 305)
   defining Unicode char U+0141 (decimal 321)
   defining Unicode char U+0142 (decimal 322)
   defining Unicode char U+0152 (decimal 338)
   defining Unicode char U+0153 (decimal 339)
   defining Unicode char U+0174 (decimal 372)
   defining Unicode char U+0175 (decimal 373)
   defining Unicode char U+0176 (decimal 374)
   defining Unicode char U+0177 (decimal 375)
   defining Unicode char U+0218 (decimal 536)
   defining Unicode char U+0219 (decimal 537)
   defining Unicode char U+021A (decimal 538)
   defining Unicode char U+021B (decimal 539)
   defining Unicode char U+2013 (decimal 8211)
   defining Unicode char U+2014 (decimal 8212)
   defining Unicode char U+2018 (decimal 8216)
   defining Unicode char U+2019 (decimal 8217)
   defining Unicode char U+201C (decimal 8220)
   defining Unicode char U+201D (decimal 8221)
)
Now handling font encoding OMS ...
... processing UTF-8 mapping file for font encoding OMS

(c:/texlive/2017/texmf-dist/tex/latex/base/omsenc.dfu
File: omsenc.dfu 2017/01/28 v1.1t UTF-8 support for inputenc
   defining Unicode char U+00A7 (decimal 167)
   defining Unicode char U+00B6 (decimal 182)
   defining Unicode char U+00B7 (decimal 183)
   defining Unicode char U+2020 (decimal 8224)
   defining Unicode char U+2021 (decimal 8225)
   defining Unicode char U+2022 (decimal 8226)
)
Now handling font encoding OMX ...
... no UTF-8 mapping file for font encoding OMX
Now handling font encoding U ...
... no UTF-8 mapping file for font encoding U
   defining Unicode char U+00A9 (decimal 169)
   defining Unicode char U+00AA (decimal 170)
   defining Unicode char U+00AE (decimal 174)
   defining Unicode char U+00BA (decimal 186)
   defining Unicode char U+02C6 (decimal 710)
   defining Unicode char U+02DC (decimal 732)
   defining Unicode char U+200C (decimal 8204)
   defining Unicode char U+2026 (decimal 8230)
   defining Unicode char U+2122 (decimal 8482)
   defining Unicode char U+2423 (decimal 9251)
))
(c:/texlive/2017/texmf-dist/tex/latex/upquote/upquote.sty
Package: upquote 2012/04/19 v1.3 upright-quote and grave-accent glyphs in verba
tim

(c:/texlive/2017/texmf-dist/tex/latex/base/textcomp.sty
Package: textcomp 2017/04/05 v2.0i Standard LaTeX package
Package textcomp Info: Sub-encoding information:
(textcomp)               5 = only ISO-Adobe without \textcurrency
(textcomp)               4 = 5 + \texteuro
(textcomp)               3 = 4 + \textohm
(textcomp)               2 = 3 + \textestimated + \textcurrency
(textcomp)               1 = TS1 - \textcircled - \t
(textcomp)               0 = TS1 (full)
(textcomp)             Font families with sub-encoding setting implement
(textcomp)             only a restricted character set as indicated.
(textcomp)             Family '?' is the default used for unknown fonts.
(textcomp)             See the documentation for details.
Package textcomp Info: Setting ? sub-encoding to TS1/1 on input line 79.

(c:/texlive/2017/texmf-dist/tex/latex/base/ts1enc.def
File: ts1enc.def 2001/06/05 v3.0e (jk/car/fm) Standard LaTeX file
Now handling font encoding TS1 ...
... processing UTF-8 mapping file for font encoding TS1

(c:/texlive/2017/texmf-dist/tex/latex/base/ts1enc.dfu
File: ts1enc.dfu 2017/01/28 v1.1t UTF-8 support for inputenc
   defining Unicode char U+00A2 (decimal 162)
   defining Unicode char U+00A3 (decimal 163)
   defining Unicode char U+00A4 (decimal 164)
   defining Unicode char U+00A5 (decimal 165)
   defining Unicode char U+00A6 (decimal 166)
   defining Unicode char U+00A7 (decimal 167)
   defining Unicode char U+00A8 (decimal 168)
   defining Unicode char U+00A9 (decimal 169)
   defining Unicode char U+00AA (decimal 170)
   defining Unicode char U+00AC (decimal 172)
   defining Unicode char U+00AE (decimal 174)
   defining Unicode char U+00AF (decimal 175)
   defining Unicode char U+00B0 (decimal 176)
   defining Unicode char U+00B1 (decimal 177)
   defining Unicode char U+00B2 (decimal 178)
   defining Unicode char U+00B3 (decimal 179)
   defining Unicode char U+00B4 (decimal 180)
   defining Unicode char U+00B5 (decimal 181)
   defining Unicode char U+00B6 (decimal 182)
   defining Unicode char U+00B7 (decimal 183)
   defining Unicode char U+00B9 (decimal 185)
   defining Unicode char U+00BA (decimal 186)
   defining Unicode char U+00BC (decimal 188)
   defining Unicode char U+00BD (decimal 189)
   defining Unicode char U+00BE (decimal 190)
   defining Unicode char U+00D7 (decimal 215)
   defining Unicode char U+00F7 (decimal 247)
   defining Unicode char U+0192 (decimal 402)
   defining Unicode char U+02C7 (decimal 711)
   defining Unicode char U+02D8 (decimal 728)
   defining Unicode char U+02DD (decimal 733)
   defining Unicode char U+0E3F (decimal 3647)
   defining Unicode char U+2016 (decimal 8214)
   defining Unicode char U+2020 (decimal 8224)
   defining Unicode char U+2021 (decimal 8225)
   defining Unicode char U+2022 (decimal 8226)
   defining Unicode char U+2030 (decimal 8240)
   defining Unicode char U+2031 (decimal 8241)
   defining Unicode char U+203B (decimal 8251)
   defining Unicode char U+203D (decimal 8253)
   defining Unicode char U+2044 (decimal 8260)
   defining Unicode char U+204E (decimal 8270)
   defining Unicode char U+2052 (decimal 8274)
   defining Unicode char U+20A1 (decimal 8353)
   defining Unicode char U+20A4 (decimal 8356)
   defining Unicode char U+20A6 (decimal 8358)
   defining Unicode char U+20A9 (decimal 8361)
   defining Unicode char U+20AB (decimal 8363)
   defining Unicode char U+20AC (decimal 8364)
   defining Unicode char U+20B1 (decimal 8369)
   defining Unicode char U+2103 (decimal 8451)
   defining Unicode char U+2116 (decimal 8470)
   defining Unicode char U+2117 (decimal 8471)
   defining Unicode char U+211E (decimal 8478)
   defining Unicode char U+2120 (decimal 8480)
   defining Unicode char U+2122 (decimal 8482)
   defining Unicode char U+2126 (decimal 8486)
   defining Unicode char U+2127 (decimal 8487)
   defining Unicode char U+212E (decimal 8494)
   defining Unicode char U+2190 (decimal 8592)
   defining Unicode char U+2191 (decimal 8593)
   defining Unicode char U+2192 (decimal 8594)
   defining Unicode char U+2193 (decimal 8595)
   defining Unicode char U+2329 (decimal 9001)
   defining Unicode char U+232A (decimal 9002)
   defining Unicode char U+2422 (decimal 9250)
   defining Unicode char U+25E6 (decimal 9702)
   defining Unicode char U+25EF (decimal 9711)
   defining Unicode char U+266A (decimal 9834)
))
LaTeX Info: Redefining \oldstylenums on input line 334.
Package textcomp Info: Setting cmr sub-encoding to TS1/0 on input line 349.
Package textcomp Info: Setting cmss sub-encoding to TS1/0 on input line 350.
Package textcomp Info: Setting cmtt sub-encoding to TS1/0 on input line 351.
Package textcomp Info: Setting cmvtt sub-encoding to TS1/0 on input line 352.
Package textcomp Info: Setting cmbr sub-encoding to TS1/0 on input line 353.
Package textcomp Info: Setting cmtl sub-encoding to TS1/0 on input line 354.
Package textcomp Info: Setting ccr sub-encoding to TS1/0 on input line 355.
Package textcomp Info: Setting ptm sub-encoding to TS1/4 on input line 356.
Package textcomp Info: Setting pcr sub-encoding to TS1/4 on input line 357.
Package textcomp Info: Setting phv sub-encoding to TS1/4 on input line 358.
Package textcomp Info: Setting ppl sub-encoding to TS1/3 on input line 359.
Package textcomp Info: Setting pag sub-encoding to TS1/4 on input line 360.
Package textcomp Info: Setting pbk sub-encoding to TS1/4 on input line 361.
Package textcomp Info: Setting pnc sub-encoding to TS1/4 on input line 362.
Package textcomp Info: Setting pzc sub-encoding to TS1/4 on input line 363.
Package textcomp Info: Setting bch sub-encoding to TS1/4 on input line 364.
Package textcomp Info: Setting put sub-encoding to TS1/5 on input line 365.
Package textcomp Info: Setting uag sub-encoding to TS1/5 on input line 366.
Package textcomp Info: Setting ugq sub-encoding to TS1/5 on input line 367.
Package textcomp Info: Setting ul8 sub-encoding to TS1/4 on input line 368.
Package textcomp Info: Setting ul9 sub-encoding to TS1/4 on input line 369.
Package textcomp Info: Setting augie sub-encoding to TS1/5 on input line 370.
Package textcomp Info: Setting dayrom sub-encoding to TS1/3 on input line 371.
Package textcomp Info: Setting dayroms sub-encoding to TS1/3 on input line 372.

Package textcomp Info: Setting pxr sub-encoding to TS1/0 on input line 373.
Package textcomp Info: Setting pxss sub-encoding to TS1/0 on input line 374.
Package textcomp Info: Setting pxtt sub-encoding to TS1/0 on input line 375.
Package textcomp Info: Setting txr sub-encoding to TS1/0 on input line 376.
Package textcomp Info: Setting txss sub-encoding to TS1/0 on input line 377.
Package textcomp Info: Setting txtt sub-encoding to TS1/0 on input line 378.
Package textcomp Info: Setting lmr sub-encoding to TS1/0 on input line 379.
Package textcomp Info: Setting lmdh sub-encoding to TS1/0 on input line 380.
Package textcomp Info: Setting lmss sub-encoding to TS1/0 on input line 381.
Package textcomp Info: Setting lmssq sub-encoding to TS1/0 on input line 382.
Package textcomp Info: Setting lmvtt sub-encoding to TS1/0 on input line 383.
Package textcomp Info: Setting lmtt sub-encoding to TS1/0 on input line 384.
Package textcomp Info: Setting qhv sub-encoding to TS1/0 on input line 385.
Package textcomp Info: Setting qag sub-encoding to TS1/0 on input line 386.
Package textcomp Info: Setting qbk sub-encoding to TS1/0 on input line 387.
Package textcomp Info: Setting qcr sub-encoding to TS1/0 on input line 388.
Package textcomp Info: Setting qcs sub-encoding to TS1/0 on input line 389.
Package textcomp Info: Setting qpl sub-encoding to TS1/0 on input line 390.
Package textcomp Info: Setting qtm sub-encoding to TS1/0 on input line 391.
Package textcomp Info: Setting qzc sub-encoding to TS1/0 on input line 392.
Package textcomp Info: Setting qhvc sub-encoding to TS1/0 on input line 393.
Package textcomp Info: Setting futs sub-encoding to TS1/4 on input line 394.
Package textcomp Info: Setting futx sub-encoding to TS1/4 on input line 395.
Package textcomp Info: Setting futj sub-encoding to TS1/4 on input line 396.
Package textcomp Info: Setting hlh sub-encoding to TS1/3 on input line 397.
Package textcomp Info: Setting hls sub-encoding to TS1/3 on input line 398.
Package textcomp Info: Setting hlst sub-encoding to TS1/3 on input line 399.
Package textcomp Info: Setting hlct sub-encoding to TS1/5 on input line 400.
Package textcomp Info: Setting hlx sub-encoding to TS1/5 on input line 401.
Package textcomp Info: Setting hlce sub-encoding to TS1/5 on input line 402.
Package textcomp Info: Setting hlcn sub-encoding to TS1/5 on input line 403.
Package textcomp Info: Setting hlcw sub-encoding to TS1/5 on input line 404.
Package textcomp Info: Setting hlcf sub-encoding to TS1/5 on input line 405.
Package textcomp Info: Setting pplx sub-encoding to TS1/3 on input line 406.
Package textcomp Info: Setting pplj sub-encoding to TS1/3 on input line 407.
Package textcomp Info: Setting ptmx sub-encoding to TS1/4 on input line 408.
Package textcomp Info: Setting ptmj sub-encoding to TS1/4 on input line 409.
))
(c:/texlive/2017/texmf-dist/tex/latex/microtype/microtype.sty
Package: microtype 2018/01/14 v2.7a Micro-typographical refinements (RS)

(c:/texlive/2017/texmf-dist/tex/latex/graphics/keyval.sty
Package: keyval 2014/10/28 v1.15 key=value parser (DPC)
\KV@toks@=\toks22
)
\MT@toks=\toks23
\MT@count=\count99
LaTeX Info: Redefining \textls on input line 793.
\MT@outer@kern=\dimen112
LaTeX Info: Redefining \textmicrotypecontext on input line 1339.
\MT@listname@count=\count100

(c:/texlive/2017/texmf-dist/tex/latex/microtype/microtype-pdftex.def
File: microtype-pdftex.def 2018/01/14 v2.7a Definitions specific to pdftex (RS)

LaTeX Info: Redefining \lsstyle on input line 913.
LaTeX Info: Redefining \lslig on input line 913.
\MT@outer@space=\skip46
)
Package microtype Info: Loading configuration file microtype.cfg.

(c:/texlive/2017/texmf-dist/tex/latex/microtype/microtype.cfg
File: microtype.cfg 2018/01/14 v2.7a microtype main configuration file (RS)
))
(c:/texlive/2017/texmf-dist/tex/latex/hyperref/hyperref.sty
Package: hyperref 2017/03/14 v6.85a Hypertext links for LaTeX

(c:/texlive/2017/texmf-dist/tex/generic/oberdiek/hobsub-hyperref.sty
Package: hobsub-hyperref 2016/05/16 v1.14 Bundle oberdiek, subset hyperref (HO)


(c:/texlive/2017/texmf-dist/tex/generic/oberdiek/hobsub-generic.sty
Package: hobsub-generic 2016/05/16 v1.14 Bundle oberdiek, subset generic (HO)
Package: hobsub 2016/05/16 v1.14 Construct package bundles (HO)
Package: infwarerr 2016/05/16 v1.4 Providing info/warning/error messages (HO)
Package: ltxcmds 2016/05/16 v1.23 LaTeX kernel commands for general use (HO)
Package hobsub Info: Skipping package `ifluatex' (already loaded).
Package: ifvtex 2016/05/16 v1.6 Detect VTeX and its facilities (HO)
Package ifvtex Info: VTeX not detected.
Package: intcalc 2016/05/16 v1.2 Expandable calculations with integers (HO)
Package: ifpdf 2017/03/15 v3.2 Provides the ifpdf switch
Package: etexcmds 2016/05/16 v1.6 Avoid name clashes with e-TeX commands (HO)
Package etexcmds Info: Could not find \expanded.
(etexcmds)             That can mean that you are not using pdfTeX 1.50 or
(etexcmds)             that some package has redefined \expanded.
(etexcmds)             In the latter case, load this package earlier.
Package: kvsetkeys 2016/05/16 v1.17 Key value parser (HO)
Package: kvdefinekeys 2016/05/16 v1.4 Define keys (HO)
Package: pdftexcmds 2017/03/19 v0.25 Utility functions of pdfTeX for LuaTeX (HO
)
Package pdftexcmds Info: LuaTeX not detected.
Package pdftexcmds Info: \pdf@primitive is available.
Package pdftexcmds Info: \pdf@ifprimitive is available.
Package pdftexcmds Info: \pdfdraftmode found.
Package: pdfescape 2016/05/16 v1.14 Implements pdfTeX's escape features (HO)
Package: bigintcalc 2016/05/16 v1.4 Expandable calculations on big integers (HO
)
Package: bitset 2016/05/16 v1.2 Handle bit-vector datatype (HO)
Package: uniquecounter 2016/05/16 v1.3 Provide unlimited unique counter (HO)
)
Package hobsub Info: Skipping package `hobsub' (already loaded).
Package: letltxmacro 2016/05/16 v1.5 Let assignment for LaTeX macros (HO)
Package: hopatch 2016/05/16 v1.3 Wrapper for package hooks (HO)
Package: xcolor-patch 2016/05/16 xcolor patch
Package: atveryend 2016/05/16 v1.9 Hooks at the very end of document (HO)
Package atveryend Info: \enddocument detected (standard20110627).
Package: atbegshi 2016/06/09 v1.18 At begin shipout hook (HO)
Package: refcount 2016/05/16 v3.5 Data extraction from label references (HO)
Package: hycolor 2016/05/16 v1.8 Color options for hyperref/bookmark (HO)
)
(c:/texlive/2017/texmf-dist/tex/latex/oberdiek/auxhook.sty
Package: auxhook 2016/05/16 v1.4 Hooks for auxiliary files (HO)
)
(c:/texlive/2017/texmf-dist/tex/latex/oberdiek/kvoptions.sty
Package: kvoptions 2016/05/16 v3.12 Key value format for package options (HO)
)
\@linkdim=\dimen113
\Hy@linkcounter=\count101
\Hy@pagecounter=\count102

(c:/texlive/2017/texmf-dist/tex/latex/hyperref/pd1enc.def
File: pd1enc.def 2017/03/14 v6.85a Hyperref: PDFDocEncoding definition (HO)
Now handling font encoding PD1 ...
... no UTF-8 mapping file for font encoding PD1
)
\Hy@SavedSpaceFactor=\count103

(c:/texlive/2017/texmf-dist/tex/latex/latexconfig/hyperref.cfg
File: hyperref.cfg 2002/06/06 v1.2 hyperref configuration of TeXLive
)
Package hyperref Info: Option `unicode' set `true' on input line 4374.

(c:/texlive/2017/texmf-dist/tex/latex/hyperref/puenc.def
File: puenc.def 2017/03/14 v6.85a Hyperref: PDF Unicode definition (HO)
Now handling font encoding PU ...
... no UTF-8 mapping file for font encoding PU
)
Package hyperref Info: Hyper figures OFF on input line 4498.
Package hyperref Info: Link nesting OFF on input line 4503.
Package hyperref Info: Hyper index ON on input line 4506.
Package hyperref Info: Plain pages OFF on input line 4513.
Package hyperref Info: Backreferencing OFF on input line 4518.
Package hyperref Info: Implicit mode ON; LaTeX internals redefined.
Package hyperref Info: Bookmarks ON on input line 4751.
\c@Hy@tempcnt=\count104

(c:/texlive/2017/texmf-dist/tex/latex/url/url.sty
\Urlmuskip=\muskip11
Package: url 2013/09/16  ver 3.4  Verb mode for urls, etc.
)
LaTeX Info: Redefining \url on input line 5104.
\XeTeXLinkMargin=\dimen114
\Fld@menulength=\count105
\Field@Width=\dimen115
\Fld@charsize=\dimen116
Package hyperref Info: Hyper figures OFF on input line 6358.
Package hyperref Info: Link nesting OFF on input line 6363.
Package hyperref Info: Hyper index ON on input line 6366.
Package hyperref Info: backreferencing OFF on input line 6373.
Package hyperref Info: Link coloring OFF on input line 6378.
Package hyperref Info: Link coloring with OCG OFF on input line 6383.
Package hyperref Info: PDF/A mode OFF on input line 6388.
LaTeX Info: Redefining \ref on input line 6428.
LaTeX Info: Redefining \pageref on input line 6432.
\Hy@abspage=\count106
\c@Item=\count107
\c@Hfootnote=\count108
)

Package hyperref Message: Driver (autodetected): hpdftex.

(c:/texlive/2017/texmf-dist/tex/latex/hyperref/hpdftex.def
File: hpdftex.def 2017/03/14 v6.85a Hyperref driver for pdfTeX
\Fld@listcount=\count109
\c@bookmark@seq@number=\count110

(c:/texlive/2017/texmf-dist/tex/latex/oberdiek/rerunfilecheck.sty
Package: rerunfilecheck 2016/05/16 v1.8 Rerun checks for auxiliary files (HO)
Package uniquecounter Info: New unique counter `rerunfilecheck' on input line 2
82.
)
\Hy@SectionHShift=\skip47
)
Package hyperref Info: Option `breaklinks' set `true' on input line 28.

(c:/texlive/2017/texmf-dist/tex/latex/graphics/graphicx.sty
Package: graphicx 2017/06/01 v1.1a Enhanced LaTeX Graphics (DPC,SPQR)

(c:/texlive/2017/texmf-dist/tex/latex/graphics/graphics.sty
Package: graphics 2017/06/25 v1.2c Standard LaTeX Graphics (DPC,SPQR)

(c:/texlive/2017/texmf-dist/tex/latex/graphics/trig.sty
Package: trig 2016/01/03 v1.10 sin cos tan (DPC)
)
(c:/texlive/2017/texmf-dist/tex/latex/graphics-cfg/graphics.cfg
File: graphics.cfg 2016/06/04 v1.11 sample graphics configuration
)
Package graphics Info: Driver file: pdftex.def on input line 99.

(c:/texlive/2017/texmf-dist/tex/latex/graphics-def/pdftex.def
File: pdftex.def 2018/01/08 v1.0l Graphics/color driver for pdftex
))
\Gin@req@height=\dimen117
\Gin@req@width=\dimen118
)
(c:/texlive/2017/texmf-dist/tex/latex/oberdiek/grffile.sty
Package: grffile 2016/05/16 v1.17 Extended file name support for graphics (HO)
Package grffile Info: Option `multidot' is set to `true'.
Package grffile Info: Option `extendedchars' is set to `false'.
Package grffile Info: Option `space' is set to `true'.
Package grffile Info: \Gin@ii of package `graphicx' fixed on input line 486.
)
(c:/texlive/2017/texmf-dist/tex/latex/parskip/parskip.sty
Package: parskip 2001/04/09 non-zero parskip adjustments
)
(./tex2pdf.4104/input.aux)
\openout1 = `input.aux'.

LaTeX Font Info:    Checking defaults for OML/cmm/m/it on input line 67.
LaTeX Font Info:    ... okay on input line 67.
LaTeX Font Info:    Checking defaults for T1/cmr/m/n on input line 67.
LaTeX Font Info:    ... okay on input line 67.
LaTeX Font Info:    Checking defaults for OT1/cmr/m/n on input line 67.
LaTeX Font Info:    ... okay on input line 67.
LaTeX Font Info:    Checking defaults for OMS/cmsy/m/n on input line 67.
LaTeX Font Info:    ... okay on input line 67.
LaTeX Font Info:    Checking defaults for OMX/cmex/m/n on input line 67.
LaTeX Font Info:    ... okay on input line 67.
LaTeX Font Info:    Checking defaults for U/cmr/m/n on input line 67.
LaTeX Font Info:    ... okay on input line 67.
LaTeX Font Info:    Checking defaults for TS1/cmr/m/n on input line 67.
LaTeX Font Info:    Try loading font information for TS1+cmr on input line 67.
 (c:/texlive/2017/texmf-dist/tex/latex/base/ts1cmr.fd
File: ts1cmr.fd 2014/09/29 v2.5h Standard LaTeX font definitions
)
LaTeX Font Info:    ... okay on input line 67.
LaTeX Font Info:    Checking defaults for PD1/pdf/m/n on input line 67.
LaTeX Font Info:    ... okay on input line 67.
LaTeX Font Info:    Checking defaults for PU/pdf/m/n on input line 67.
LaTeX Font Info:    ... okay on input line 67.
LaTeX Font Info:    Try loading font information for T1+lmr on input line 67.
 (c:/texlive/2017/texmf-dist/tex/latex/lm/t1lmr.fd
File: t1lmr.fd 2009/10/30 v1.6 Font defs for Latin Modern
)
LaTeX Info: Redefining \microtypecontext on input line 67.
Package microtype Info: Generating PDF output.
Package microtype Info: Character protrusion enabled (level 2).
Package microtype Info: Using protrusion set `basicmath'.
Package microtype Info: Automatic font expansion enabled (level 2),
(microtype)             stretch: 20, shrink: 20, step: 1, non-selected.
Package microtype Info: Using default expansion set `basictext'.
Package microtype Info: No adjustment of tracking.
Package microtype Info: No adjustment of interword spacing.
Package microtype Info: No adjustment of character kerning.

(c:/texlive/2017/texmf-dist/tex/latex/microtype/mt-cmr.cfg
File: mt-cmr.cfg 2013/05/19 v2.2 microtype config. file: Computer Modern Roman 
(RS)
)
\AtBeginShipoutBox=\box28
Package hyperref Info: Link coloring OFF on input line 67.

(c:/texlive/2017/texmf-dist/tex/latex/hyperref/nameref.sty
Package: nameref 2016/05/21 v2.44 Cross-referencing by name of section

(c:/texlive/2017/texmf-dist/tex/generic/oberdiek/gettitlestring.sty
Package: gettitlestring 2016/05/16 v1.5 Cleanup title references (HO)
)
\c@section@level=\count111
)
LaTeX Info: Redefining \ref on input line 67.
LaTeX Info: Redefining \pageref on input line 67.
LaTeX Info: Redefining \nameref on input line 67.

(./tex2pdf.4104/input.out) (./tex2pdf.4104/input.out)
\@outlinefile=\write3
\openout3 = `input.out'.


(c:/texlive/2017/texmf-dist/tex/context/base/mkii/supp-pdf.mkii
[Loading MPS to PDF converter (version 2006.09.02).]
\scratchcounter=\count112
\scratchdimen=\dimen119
\scratchbox=\box29
\nofMPsegments=\count113
\nofMParguments=\count114
\everyMPshowfont=\toks24
\MPscratchCnt=\count115
\MPscratchDim=\dimen120
\MPnumerator=\count116
\makeMPintoPDFobject=\count117
\everyMPtoPDFconversion=\toks25
) (c:/texlive/2017/texmf-dist/tex/latex/oberdiek/epstopdf-base.sty
Package: epstopdf-base 2016/05/15 v2.6 Base part for package epstopdf

(c:/texlive/2017/texmf-dist/tex/latex/oberdiek/grfext.sty
Package: grfext 2016/05/16 v1.2 Manage graphics extensions (HO)
)
Package epstopdf-base Info: Redefining graphics rule for `.eps' on input line 4
38.
Package grfext Info: Graphics extension search list:
(grfext)             [.pdf,.png,.jpg,.mps,.jpeg,.jbig2,.jb2,.PDF,.PNG,.JPG,.JPE
G,.JBIG2,.JB2,.eps]
(grfext)             \AppendGraphicsExtensions on input line 456.

(c:/texlive/2017/texmf-dist/tex/latex/latexconfig/epstopdf-sys.cfg
File: epstopdf-sys.cfg 2010/07/13 v1.3 Configuration of (r)epstopdf for TeX Liv
e
))
LaTeX Font Info:    Try loading font information for T1+lmtt on input line 76.

(c:/texlive/2017/texmf-dist/tex/latex/lm/t1lmtt.fd
File: t1lmtt.fd 2009/10/30 v1.6 Font defs for Latin Modern
)
LaTeX Font Info:    Try loading font information for TS1+lmtt on input line 78.


(c:/texlive/2017/texmf-dist/tex/latex/lm/ts1lmtt.fd
File: ts1lmtt.fd 2009/10/30 v1.6 Font defs for Latin Modern
)
Overfull \hbox (3219.73964pt too wide) in paragraph at lines 78--78
[]\T1/lmtt/m/n/10 TOR est l\TS1/lmtt/m/n/10 '\T1/lmtt/m/n/10 accronyme de The O
nion Router.  Le réseau a été concu par la marine américaine dans le but de pro
téger les communications gouvernamentales pendant les opérations secrètes. Le d
épartement de la défence a financé le projet a plus de 60% tandis que les autre
s financements proviennent des organisations qui protègent la vie privée tel qu
e des associations de journalistes, des groupes d\TS1/lmtt/m/n/10 '\T1/lmtt/m/n
/10 activistes ou l\TS1/lmtt/m/n/10 '\T1/lmtt/m/n/10 EFF.  TOR est désormais un
e organisation a but non lucratif qui se concentre sur la protection des donnée
s personnelles et l\TS1/lmtt/m/n/10 '\T1/lmtt/m/n/10 anonymat des internautes s
ur le web. C\TS1/lmtt/m/n/10 '\T1/lmtt/m/n/10 est un projet open source, c\TS1/
lmtt/m/n/10 '\T1/lmtt/m/n/10 est a dire que tout le monde peut voir le code et 
le corriger si nécessaire.[] 
 []

<./tex2pdf.4104/6d479c0a3a7130cebbf480e114702b120ce3f3bb.jpg, id=76, 1027.84pt 
x 576.1525pt>
File: ./tex2pdf.4104/6d479c0a3a7130cebbf480e114702b120ce3f3bb.jpg Graphic file 
(type jpg)
<use ./tex2pdf.4104/6d479c0a3a7130cebbf480e114702b120ce3f3bb.jpg>
Package pdftex.def Info: ./tex2pdf.4104/6d479c0a3a7130cebbf480e114702b120ce3f3b
b.jpg  used on input line 82.
(pdftex.def)             Requested size: 345.00685pt x 193.3925pt.

Overfull \hbox (2762.99097pt too wide) in paragraph at lines 88--88
[]\T1/lmtt/m/n/10 Le reseau TOR permet d\TS1/lmtt/m/n/10 '\T1/lmtt/m/n/10 accéd
er au *"DEEP WEB"* ou l\TS1/lmtt/m/n/10 '\T1/lmtt/m/n/10 internet profond. Comm
e cela est illustré dans la figure précédente, une partie du réseau internet es
t enfouie, inaccesible depuis les moteurs de recherche communs tels que GOOGLE,
 SAFARI... Le deep web correspond a tout ce qui n\TS1/lmtt/m/n/10 '\T1/lmtt/m/n
/10 est pas indexé par ces moteurs de recherche.  C\TS1/lmtt/m/n/10 '\T1/lmtt/m
/n/10 est biensur le repère de tout commerce illégal. Par exemple, en octobre 2
013, Silk Road, site de traffic de drogue trouvable uniquement sur le deep web 
a été "trouvé" et fermé. C\TS1/lmtt/m/n/10 '\T1/lmtt/m/n/10 est aussi le repère
 des organisations gouvernamentales ou des groupes d\TS1/lmtt/m/n/10 '\T1/lmtt/
m/n/10 activistes.[] 
 []


Overfull \hbox (815.24663pt too wide) in paragraph at lines 96--96
[]\T1/lmtt/m/n/10 L\TS1/lmtt/m/n/10 '\T1/lmtt/m/n/10 objectif de TOR est que l\
TS1/lmtt/m/n/10 '\T1/lmtt/m/n/10 utilisateur puisse utiliser internet tout en r
estant totalement anonyme. Pour cela, il faut que personne ne soit capable de r
etrouver la source de la demande ou la destination de l\TS1/lmtt/m/n/10 '\T1/lm
tt/m/n/10 information.[] 
 []


Overfull \hbox (1172.24559pt too wide) in paragraph at lines 96--96
[]\T1/lmtt/m/n/10 Lorsque nous nous connectons à un site web, notre ordinateur 
essaie de se connecter directement à son serveur par la route la plus courte. C
e qui prime est la rapidité et l\TS1/lmtt/m/n/10 '\T1/lmtt/m/n/10 efficacité. N
otre adresse IP est donc recensée comme point de départ de la communication et 
il n\TS1/lmtt/m/n/10 '\T1/lmtt/m/n/10 y a aucun anonymat.[] 
 []

<images/Connexion_classique.png, id=77, 461.725pt x 356.33125pt>
File: images/Connexion_classique.png Graphic file (type png)
<use images/Connexion_classique.png>
Package pdftex.def Info: images/Connexion_classique.png  used on input line 98.

(pdftex.def)             Requested size: 345.0036pt x 266.25276pt.
[1

{c:/texlive/2017/texmf-var/fonts/map/pdftex/updmap/pdftex.map} <./tex2pdf.4104/
6d479c0a3a7130cebbf480e114702b120ce3f3bb.jpg>]
Overfull \hbox (2106.74287pt too wide) in paragraph at lines 106--106
[] \T1/lmtt/m/n/10 Pour éviter cela, TOR rompt celle ligne entre notre ordinate
ur et ce serveur distant. TOR utilise l\TS1/lmtt/m/n/10 '\T1/lmtt/m/n/10 Onion 
Routing qui est une technique de communication anonyme sur un réseau. Les messa
ges sont chiffrés en continu en passant de noeuds en noeuds. Ces noeuds sont au
ssi appelés routeurs Onions. Le terme onion se réfère aux différentes couches d
e chiffrement effectuées par des relais anonymes qui protègent les messages. Le
 routage devient alors totalement invisible.[] 
 []


Overfull \hbox (2468.99182pt too wide) in paragraph at lines 106--106
[]\T1/lmtt/m/n/10 Si une personne A envoie une requête au serveur B, la requête
 va passer par plusieurs noeuds. Cette requête va d\TS1/lmtt/m/n/10 '\T1/lmtt/m
/n/10 abbord être chiffrer avec le clé publique du noeuds de sortie puis re-chi
ffrer par la clé publique de l\TS1/lmtt/m/n/10 '\T1/lmtt/m/n/10 avant dernier n
oeud et ainsi de suite jusqu\TS1/lmtt/m/n/10 '\T1/lmtt/m/n/10 au premier noeud 
auquel elle va être envoyé. Ce principe permet que le premier noeud connaisse s
eulement l\TS1/lmtt/m/n/10 '\T1/lmtt/m/n/10 expéditeur mais pas la destination,
 les noeuds intermédiaires ne connaissent que le noeuds précédent et le suivant
 et le noeud de sortie ne connait que le destinataire.[] 
 []


Overfull \hbox (227.24834pt too wide) in paragraph at lines 106--106
[]\T1/lmtt/m/n/10 Tor utilise ce même chemin pendant plusieurs minutes puis le 
change pour qu\TS1/lmtt/m/n/10 '\T1/lmtt/m/n/10 aucun lien ne puisse être établ
i.[] 
 []

<images/connexion_tor.png, id=90, 461.725pt x 356.33125pt>
File: images/connexion_tor.png Graphic file (type png)
<use images/connexion_tor.png>
Package pdftex.def Info: images/connexion_tor.png  used on input line 110.
(pdftex.def)             Requested size: 345.0036pt x 266.25276pt.

Overfull \hbox (888.74641pt too wide) in paragraph at lines 123--123
[]  \T1/lmtt/m/n/10 un language simple et léger basé sur un balisage moins lour
d que celui utilisé pour html. Utilisé à la base pour écrire un document html i
l a été adapté et permet aujourd\TS1/lmtt/m/n/10 '\T1/lmtt/m/n/10 hui via l\TS1
/lmtt/m/n/10 '\T1/lmtt/m/n/10 intermédiaire de Pandoc (décrit ci-dessous) de cr
éer[] 
 []


Overfull \hbox (59.24883pt too wide) in paragraph at lines 123--123
[]  \T1/lmtt/m/n/10 à partir d\TS1/lmtt/m/n/10 '\T1/lmtt/m/n/10 un document .md
 une multitude de document tel que .doc , .odt...[] 
 []


Overfull \hbox (1.499pt too wide) in paragraph at lines 123--123
[]  \T1/lmtt/m/n/10 Ce language permet une grande facilité de lecture et d\TS1/
lmtt/m/n/10 '\T1/lmtt/m/n/10 écriture.[] 
 []


Overfull \hbox (500.24754pt too wide) in paragraph at lines 129--129
[]  \T1/lmtt/m/n/10 Un outil de conversion supportant un très grand nombre de f
ormats.Dnas notre cas très utile car il supporte le format Markdown et contient
 de plus des éléments[] 
 []


Overfull \hbox (1161.74562pt too wide) in paragraph at lines 137--137
[]  \T1/lmtt/m/n/10 Permet de créer une machine virtuelle avec tous les paramèt
res souhaités de manière très rapide. Ainsi notre environnement de travail est 
très rapidement disponible.Possibilité de récupérer les boxs sur internet facil
ement en choisissant sa distribution (nous avons choisi debian 7.2).[] 
 []

[2 <./images/Connexion_classique.png>] [3 <./images/connexion_tor.png>]
Overfull \hbox (106.49869pt too wide) in paragraph at lines 169--169
[]      \T1/lmtt/m/n/10 Dans /var/lib/tor/hidden_service, modifier les fichiers
 hostname et private_key.[] 
 []


Overfull \hbox (248.24828pt too wide) in paragraph at lines 169--169
[]      \T1/lmtt/m/n/10 Obtention de ces clefs avec scallions : https://github.
com/lachesis/scallion/raw/binaries/scallion-v2.0.zip[] 
 []


Overfull \hbox (127.49863pt too wide) in paragraph at lines 169--169
[]          \T1/lmtt/m/n/10 Dans sites-enabled, Remplacer <VirtualHost \*:80> p
ar <VirtualHost 127.0.0.1:80>[] 
 []


Overfull \hbox (132.74861pt too wide) in paragraph at lines 194--194
[]      \T1/lmtt/m/n/10 SocksPort 0 # Ajoutez cette ligne si vous n'utiliserez 
pas Tor sur votre réseau local[] 
 []


Overfull \hbox (17.24895pt too wide) in paragraph at lines 194--194
[]      \T1/lmtt/m/n/10 ContactInfo contact@domain.tld  # Une adresse e-mail de
 contact[] 
 []

[4]
Overfull \hbox (143.24858pt too wide) in paragraph at lines 194--194
[]      \T1/lmtt/m/n/10 Exitpolicy reject *:* # Rejette le trafic sortant afin 
de devenir un n÷ud intermédiaire[] 
 []


Overfull \hbox (85.49875pt too wide) in paragraph at lines 194--194
[]      \T1/lmtt/m/n/10 RelayBandwidthRate 1250 KBytes  # Limite de la bande pa
ssante pour le relais[] 
 []


Overfull \hbox (332.24803pt too wide) in paragraph at lines 194--194
[]      \T1/lmtt/m/n/10 RelayBandwidthBurst 1450 KBytes # Burst de bande passan
te pour le relais (au cas où la bande passante maximum est atteinte)[] 
 []


Overfull \hbox (3319.48935pt too wide) in paragraph at lines 202--202
[]\T1/lmtt/m/n/10 Le projet Tor est une organisation à but non lucratif dédiée 
à la recherche, le développement et l'éducation sur l'anonymat et la vie privée
 en ligne. Il répond aux problèmes de confidentialités des données personnelles
 ainsi que de contourner la censure. Le TOR permet de naviguer sur le web de fa
çon anonyme et sécurisé. En effet, quand nous utilisons le web les sites visité
s peuvent enregistrer notre adresse IP et donc facilement remonter à nous par c
e biais. Le réseau TOR permet de contourner ce problème en cachant notre adress
e IP. En Juin 2017, on estime le nombre d'utilisateurs de Tor à 2 375 000 par j
our. 21,52% des utilisateurs se trouvent aux Emirats Arabes Unis ou Tor est ill
égal.[] 
 []


Overfull \hbox (1691.99408pt too wide) in paragraph at lines 220--220
[]\T1/lmtt/m/n/10 Tor fonctionne grâce à la participation de ses utilisateurs. 
Certains acceptent d\TS1/lmtt/m/n/10 '\T1/lmtt/m/n/10 être des relais TOR (ou d
es noeuds). Quand un utilisateur souhaite accéder à internet via le TOR, sa req
uête doit passer par trois noeuds TOR choisis au hasard. Avant d\TS1/lmtt/m/n/1
0 '\T1/lmtt/m/n/10 atteindre le premier relais, la requête sera chiffrée trois 
fois et chaque noeuds va enlever un couche de chiffrement (peler une couche).[]
 
 []


Overfull \hbox (237.7483pt too wide) in paragraph at lines 220--220
[]\T1/lmtt/m/n/10 Il existe trois types de relais. Chacun ont des missions dist
inctes et des modes de fonctionnement différents :[] 
 []


Overfull \hbox (101.2487pt too wide) in paragraph at lines 220--220
[]\T1/lmtt/m/n/10 Le circuit TOR désigne les trois relais par lesquels va trans
iter le flux de données.[] 
 []


Overfull \hbox (3555.73866pt too wide) in paragraph at lines 220--220
[]\T1/lmtt/m/n/10 Le premier noeud reçoit la requête chiffré 3 fois et il est c
hargé de faire transité les données jusqu\TS1/lmtt/m/n/10 '\T1/lmtt/m/n/10 au d
estinataire. Il est le seul à connaitre l\TS1/lmtt/m/n/10 '\T1/lmtt/m/n/10 emet
teur. Ce noeud peut-être un Noeud Gardien ou un Bridge. La liste des Noeuds Gar
diens est publique donc si l\TS1/lmtt/m/n/10 '\T1/lmtt/m/n/10 on utilise le TOR
 avec un noeud gardien comme noeud d\TS1/lmtt/m/n/10 '\T1/lmtt/m/n/10 entrée, l
e FAI ou toute personne se trouvant entre nous et le premier relais sait que l\
TS1/lmtt/m/n/10 '\T1/lmtt/m/n/10 on utilise le réseau TOR mais si elle ne conna
it ni le contenu des échanges ni le destinataire. TOR garde secret la liste des
 bridges. S\TS1/lmtt/m/n/10 '\T1/lmtt/m/n/10 il l\TS1/lmtt/m/n/10 '\T1/lmtt/m/n
/10 on se trouve dans un pays ou TOR est bloqué ou illégal, il peut être utile 
d\TS1/lmtt/m/n/10 '\T1/lmtt/m/n/10 utiliser comme premier relais un bridge pour
 ne pas être bloqué par le FAI. Pour cela il faut le demander au TOR project.[]
 
 []


Overfull \hbox (3818.2379pt too wide) in paragraph at lines 220--220
[]\T1/lmtt/m/n/10 Cette liste de noeuds TOR est disponible sur le site Tor Metr
ics. Pour être à jour, le TOR a du dévellopper des serveurs particuliers appell
és autorités d\TS1/lmtt/m/n/10 '\T1/lmtt/m/n/10 annuaire. Ces neufs autorités s
ont chargées de mettre à jour un annuaire de tous les relais Tor disponibles. E
n effet, les neouds peuvent rentrer et sortir à leur gré du réseau ou changer d
\TS1/lmtt/m/n/10 '\T1/lmtt/m/n/10 état. Toutes les heures, 8 autorités mettent 
à jour l\TS1/lmtt/m/n/10 '\T1/lmtt/m/n/10 annuaire des relais publics et 1 auto
rité gère les bridges. Cet annuaire est appelé le consensus. Pour rendre possib
le cette répertorisation, les relais envoient périodiquement leurs données aux 
autorités. Ces dernières annalysent les informations relatives à ces relais et 
décident s\TS1/lmtt/m/n/10 '\T1/lmtt/m/n/10 ils peuvent devenir noeud gardien o
u alors s\TS1/lmtt/m/n/10 '\T1/lmtt/m/n/10 ils sont compromis et doivent alors 
recevoir le statut Bad Exit.[] 
 []


Overfull \hbox (2038.49307pt too wide) in paragraph at lines 234--234
[]    \T1/lmtt/m/n/10 Supposons que Alice veuille se connecter anonymement à mo
nsite.fr. Elle utilise pour cela le TOR. Son ordinateur commence par télécharge
r le consensus pour récupérer la liste des noeuds TOR. Ensuite sa machine va cr
éer un circuit TOR en sélectionnant aléatoirement 3 noeuds. Elle va alors négoc
ier une connexion chiffrée avec chaque relai du circuit utilisé. Pour cela elle
 va récupérer les 3 clés publique des trois relais depuis un serveur de clés.[]
 
 []


Overfull \hbox (1334.99512pt too wide) in paragraph at lines 234--234
[]    \T1/lmtt/m/n/10 Par sécurité, Tor renouvelle le circuit toutes les 10 min
utes pour brouiller les pistes et limiter les information qu'un attaquant contr
ollant un noeud pourrait récupérer. Cependant, Le noeud d'entrée est fixe et ne
 change que tous les 2 à 3 mois pour un noeud gardien. Ce temps est appellé la 
^^Ppériode de rotation^^Q.[] 
 []


Overfull \hbox (2437.49191pt too wide) in paragraph at lines 234--234
[]    \T1/lmtt/m/n/10 Tout d\TS1/lmtt/m/n/10 '\T1/lmtt/m/n/10 abbord la machine
 d\TS1/lmtt/m/n/10 '\T1/lmtt/m/n/10 Alice doit communiquer avec le noeud gardie
n et donc entammer une poignée de main. Le noeud signe cette poignée de main av
ec sa clé privée et le client vérifié la signature à l\TS1/lmtt/m/n/10 '\T1/lmt
t/m/n/10 aide de la clé publique récupérée précédemment. Cela permet au noeud g
ardien de s\TS1/lmtt/m/n/10 '\T1/lmtt/m/n/10 authentifier. La seconde étape de 
communication avec ce noeud est le partage d\TS1/lmtt/m/n/10 '\T1/lmtt/m/n/10 u
ne clé de chiffrement symétrique (appelée clé de session 1) suivant le protocol
e d\TS1/lmtt/m/n/10 '\T1/lmtt/m/n/10 échange Diffie-Hellman. Le noeud gardien c
onnait donc l\TS1/lmtt/m/n/10 '\T1/lmtt/m/n/10 adresse IP du client.[] 
 []


Overfull \hbox (3203.98969pt too wide) in paragraph at lines 234--234
[]    \T1/lmtt/m/n/10 Il faut maintenant négocier une clé symétrique avec le no
eud intermédiaire. Le client envoie au travers du noeud gardien, une demande de
 connexion au noeud intermédiaire. Cette demande est chiffré avec la Clé 1. Le 
neoud gardien déchiffre la demande, la transmet au noeud intermédiaire. Ce dern
ier lui répond en signant avec sa clé privée. Le noeud gardien chiffre cette ré
ponse avec la clé 1 et la transmet au client. Le client déchiffre et vérifie la
 signature pour pouvoir ensuite négocier une deuxième clé de session symétrique
 avec le noeud intermédiaire. Cette négociation se fait de la même façon que l\
TS1/lmtt/m/n/10 '\T1/lmtt/m/n/10 authentification c\TS1/lmtt/m/n/10 '\T1/lmtt/m
/n/10 est à dire en passant par le noeud gardien.[] 
 []

[5]
Overfull \hbox (1718.244pt too wide) in paragraph at lines 234--234
[]    \T1/lmtt/m/n/10 Pour finir, il faut négocier la clé symétrique 3 avec le 
noeud de sortie. Cela est le même procédé qu\TS1/lmtt/m/n/10 '\T1/lmtt/m/n/10 a
vec le noeud intermédiaire mais les données sont chiffrées deux fois. Une fois 
avec la clé 1 et une fois avec la clé 2. Le noeud Gardien ne voit uniquement pa
ssé que des données chiffrées avec la clé 1 et 2. Il ne sait donc pas qui est l
e destinataire des échanges (le noeud de sortie).[] 
 []


Overfull \hbox (2762.99097pt too wide) in paragraph at lines 241--241
[]    \T1/lmtt/m/n/10 Le client est donc maintenant en possession de trois clés
 de chiffrement symétrique correspondant à chaqun des noeuds. L\TS1/lmtt/m/n/10
 '\T1/lmtt/m/n/10 échange des données peut donc commencer. Le client envoie sa 
requête pour se connecter à monsite.fr mais il n\TS1/lmtt/m/n/10 '\T1/lmtt/m/n/
10 effectue pas lui même la requête DNS pour éviter de compromettre son anonyma
t. C\TS1/lmtt/m/n/10 '\T1/lmtt/m/n/10 est donc le noeud de sortie qui va se cha
rger d\TS1/lmtt/m/n/10 '\T1/lmtt/m/n/10 effectuer la requête DNS. La requête qu
i quitte le client est chiffrée avec la clé 3 puis la clé 2 et pour finir la cl
é 1. Chaque noeud va enlever une couche de chiffrement pour que l\TS1/lmtt/m/n/
10 '\T1/lmtt/m/n/10 information puisse parvenir au destinataire.[] 
 []


Overfull \hbox (1392.74495pt too wide) in paragraph at lines 268--268
[]\T1/lmtt/m/n/10 Le service caché necéssite d\TS1/lmtt/m/n/10 '\T1/lmtt/m/n/10
 établir des circuits vers des points d\TS1/lmtt/m/n/10 '\T1/lmtt/m/n/10 introd
uction. Ces points d\TS1/lmtt/m/n/10 '\T1/lmtt/m/n/10 introduction vont permett
re au client de pouvoir se connecter au service. Ce dernier effectue établie do
nc plusieurs circuits de trois noeuds et demande aux relais de sortie de servir
 de points d\TS1/lmtt/m/n/10 '\T1/lmtt/m/n/10 introduction. Il récupère ainsi l
eur IP.[] 
 []


Overfull \hbox (2789.24089pt too wide) in paragraph at lines 268--268
[]\T1/lmtt/m/n/10 Ensuite, le service ne peut pas être répertorié dans le DNS s
\TS1/lmtt/m/n/10 '\T1/lmtt/m/n/10 il veut garder son anonymat. Cependant il doi
t signaler sa présence pour permettre au client de se connecter. Pour cela il d
emande aux points d\TS1/lmtt/m/n/10 '\T1/lmtt/m/n/10 introduction de maintenir 
la connexion et pendant ce temp il établit un autre circuit vers un Hidden Serv
ice Directory(HSDir). Il fournit alors au HSDir son descripteur composé des IP 
des points d\TS1/lmtt/m/n/10 '\T1/lmtt/m/n/10 introduction, de la clé publique 
du service caché ainsi que de la signature des deux éléments précédant faite av
ec la clé privée correspondante. (6 HSDir seront en possession de ce descripteu
r).[] 
 []


Overfull \hbox (274.4982pt too wide) in paragraph at lines 268--268
[]\T1/lmtt/m/n/10 Le descripteur est calculé comme ceci : descriptor-id = H(per
manent-id | H(time-period | descriptor-cookie | replica))[] 
 []


Overfull \hbox (1.499pt too wide) in paragraph at lines 268--268
[]\T1/lmtt/m/n/10 Fonction de hashage sha1 en 2013. Est-ce que c\TS1/lmtt/m/n/1
0 '\T1/lmtt/m/n/10 est passé à sha256?[] 
 []


Overfull \hbox (22.49893pt too wide) in paragraph at lines 268--268
[]\T1/lmtt/m/n/10 time-period : (current-time + permanent-id-byte * 86400 / 256
) / 86400[] 
 []


Overfull \hbox (6.74898pt too wide) in paragraph at lines 268--268
[]\T1/lmtt/m/n/10 permanent-id : c\TS1/lmtt/m/n/10 '\T1/lmtt/m/n/10 est un déri
vé de la clé publique du service caché.[] 
 []

<images/HSDir.png, id=110, 584.1825pt x 394.47375pt>
File: images/HSDir.png Graphic file (type png)
<use images/HSDir.png>
Package pdftex.def Info: images/HSDir.png  used on input line 270.
(pdftex.def)             Requested size: 345.01231pt x 232.97223pt.

Overfull \hbox (10.3567pt too wide) in paragraph at lines 270--271
[][]\T1/lmr/m/n/10 (-20) [8] 
 []

[6]
Overfull \hbox (1046.24596pt too wide) in paragraph at lines 274--274
[]\T1/lmtt/m/n/10 Un HSDir est un noeud Tor comme les autres mais il rempli une
 fonctionnalité supplémentaire : il reçoit les informations sur les services ca
chés pour signaler leur existence et permettre aux clients de les contacter. Le
 concensus permet à un noeud de devenir HSDir.[] 
 []


Overfull \hbox (1172.24559pt too wide) in paragraph at lines 292--292
[]  \T1/lmtt/m/n/10 La machine d\TS1/lmtt/m/n/10 '\T1/lmtt/m/n/10 Alice a téléc
hargé les consensus et elle possède donc les IP des HSDir. Elle peut donc, touj
ours en utilisant le TOR, télécharger le descripteur du service caché et vérifi
er la signature. La machine d\TS1/lmtt/m/n/10 '\T1/lmtt/m/n/10 Alice connait do
nc maintenant les IP d\TS1/lmtt/m/n/10 '\T1/lmtt/m/n/10 introduction de mon ser
vice caché.[] 
 []


Overfull \hbox (1292.99524pt too wide) in paragraph at lines 292--292
[]  \T1/lmtt/m/n/10 Comme pour se connecter à un service publique, la machine d
\TS1/lmtt/m/n/10 '\T1/lmtt/m/n/10 Alice va choisir créér aléatoirement un circu
it avec trois noeuds TOR. Le noeud de sortie sera le point de rendez-vous. La m
achine founira sous forme de cookie un secret à ce point de rendez-vous. Ce der
nier permettra d\TS1/lmtt/m/n/10 '\T1/lmtt/m/n/10 authentifier le service caché
.[] 
 []


Overfull \hbox (2463.74184pt too wide) in paragraph at lines 292--292
[]  \T1/lmtt/m/n/10 Le machine d\TS1/lmtt/m/n/10 '\T1/lmtt/m/n/10 Alice garde e
n attente ce cette connexion. Par ailleurs, elle crée un nouveau circuit de faç
on à ce que le noeud de sortie communique avec un point d\TS1/lmtt/m/n/10 '\T1/
lmtt/m/n/10 introduction du service caché. Elle peut ensuite communiquer à ce s
ervice : l\TS1/lmtt/m/n/10 '\T1/lmtt/m/n/10 IP du point de rendez-vous, le secr
et qui a été dit à ce point de rendez-vous et la première partie de l\TS1/lmtt/
m/n/10 '\T1/lmtt/m/n/10 échange de Diffie-Hellman pour la création d\TS1/lmtt/m
/n/10 '\T1/lmtt/m/n/10 une clé symétrique entre la machine d\TS1/lmtt/m/n/10 '\
T1/lmtt/m/n/10 Alice et le service caché. Toutes ces informations sont chiffrée
s avec la clé publique du service caché.[] 
 []


Overfull \hbox (2232.74251pt too wide) in paragraph at lines 292--292
[]  \T1/lmtt/m/n/10 Le service caché contacte ensuite le point de rendez-vous p
our s\TS1/lmtt/m/n/10 '\T1/lmtt/m/n/10 authentifier puis en passant par ce noeu
d communique avec le client pour terminer l\TS1/lmtt/m/n/10 '\T1/lmtt/m/n/10 éc
hange de la clé symétrique de Diffie-Hellman. Maintenant, Alice et le service c
aché peuvent communiquer de façon sécurisé. Il n\TS1/lmtt/m/n/10 '\T1/lmtt/m/n/
10 y a pas trois noeuds Tor sur leur circuit mais 6. Les trois premiers enlèves
 chacun une couche de chiffrement et les trois derniers en remettent chacun une
. La connexion est chiffrée du client au service caché.[] 
 []

[7 <./images/HSDir.png>] [8]
<images/Etablissement_circuit.png, id=130, 1671.043pt x 4571.479pt>
File: images/Etablissement_circuit.png Graphic file (type png)
<use images/Etablissement_circuit.png>
Package pdftex.def Info: images/Etablissement_circuit.png  used on input line 3
92.
(pdftex.def)             Requested size: 201.02647pt x 549.94893pt.
<images/Signalement_HSDir.png, id=131, 1683.088pt x 4521.693pt>
File: images/Signalement_HSDir.png Graphic file (type png)
<use images/Signalement_HSDir.png>
Package pdftex.def Info: images/Signalement_HSDir.png  used on input line 393.
(pdftex.def)             Requested size: 204.7098pt x 549.96227pt.
<images/Telechargement_Descripteur.png, id=132, 1639.726pt x 4703.974pt>
File: images/Telechargement_Descripteur.png Graphic file (type png)
<use images/Telechargement_Descripteur.png>
Package pdftex.def Info: images/Telechargement_Descripteur.png  used on input l
ine 394.
(pdftex.def)             Requested size: 191.70456pt x 549.95363pt.
<images/Connexion_RDV.png, id=133, 1655.786pt x 4658.203pt>
File: images/Connexion_RDV.png Graphic file (type png)
<use images/Connexion_RDV.png>
Package pdftex.def Info: images/Connexion_RDV.png  used on input line 395.
(pdftex.def)             Requested size: 195.47707pt x 549.9333pt.
<images/Com_du_RDV_au_HS.png, id=134, 1628.484pt x 4739.306pt>
File: images/Com_du_RDV_au_HS.png Graphic file (type png)
<use images/Com_du_RDV_au_HS.png>
Package pdftex.def Info: images/Com_du_RDV_au_HS.png  used on input line 396.
(pdftex.def)             Requested size: 188.97385pt x 549.96237pt.
<images/Echange_cle_HS.png, id=135, 1630.09pt x 4730.473pt>
File: images/Echange_cle_HS.png Graphic file (type png)
<use images/Echange_cle_HS.png>
Package pdftex.def Info: images/Echange_cle_HS.png  used on input line 397.
(pdftex.def)             Requested size: 189.50844pt x 549.9479pt.

Underfull \hbox (badness 4621) in paragraph at lines 392--398
[]\T1/lmr/m/n/10 (+20) Annexe 1 : [] An-nexe 2 :
 []


Overfull \hbox (101.71451pt too wide) in paragraph at lines 392--398
[] \T1/lmr/m/n/10 (-20) An-nexe 3 : []
 []


Underfull \hbox (badness 6708) in paragraph at lines 392--398
\T1/lmr/m/n/10 (+20) An-nexe 4 : [] An-nexe 5 :
 []


Overfull \hbox (83.78244pt too wide) in paragraph at lines 392--398
[] \T1/lmr/m/n/10 (-20) An-nexe 6 : [] 
 []

[9] [10 <./images/Etablissement_circuit.png>] [11 <./images/Signalement_HSDir.p
ng> <./images/Telechargement_Descripteur.png>] [12 <./images/Connexion_RDV.png>
]
Overfull \hbox (169.48184pt too wide) in paragraph at lines 399--410
[]\T1/lmr/m/n/10 (-20) reference : [1] : https://www.psychoactif.org/psychowiki
/index.php?title=Tor,_conception,_fonctionnement_et_limites
 []


Underfull \hbox (badness 5460) in paragraph at lines 399--410
\T1/lmr/m/n/10 (+20) [2] : https://fr.softonic.com/articles/tor-outil-navigatio
n-anonyme [3] :
 []


Overfull \hbox (41.9686pt too wide) in paragraph at lines 399--410
\T1/lmr/m/n/10 (-20) https://www.torproject.org/docs/onion-services [4] : https
://www.torproject.org/docs/tor-
 []


Overfull \hbox (119.29866pt too wide) in paragraph at lines 399--410
\T1/lmr/m/n/10 (-20) :https://donncha.is/2013/05/trawling-tor-hidden-services/ 
[9] :https://framablog.org/2016/05/06/anonymat-
 []

[13 <./images/Com_du_RDV_au_HS.png>
!pdfTeX error: pdflatex.exe: fflush() failed (Invalid argument)
 ==> Fatal error occurred, no output PDF file produced!
